<?xml version="1.0" encoding="UTF-8"?>
<!-- Generated by org.testng.reporters.JUnitReportReporter -->
<testsuite skipped="0" hostname="MCO-5097489-L1" name="testCases.loginApplication" tests="1" failures="0" timestamp="13 Jun 2019 21:49:17 GMT" time="10.990" errors="0">
  <testcase name="loginApplication" time="10.990" classname="testCases.loginApplication"/>
</testsuite> <!-- testCases.loginApplication -->
